<?xml version="1.0" encoding="UTF-8"?>
<Site BuildName="(empty)"
	BuildStamp="20240710-0838-Experimental"
	Name="kauvoy"
	Generator="ctest-3.16.3"
	CompilerName="/usr/bin/c++"
	CompilerVersion="9.4.0"
	OSName="Linux"
	Hostname="kauvoy"
	OSRelease="5.15.0-113-generic"
	OSVersion="#123~20.04.1-Ubuntu SMP Wed Jun 12 17:33:13 UTC 2024"
	OSPlatform="x86_64"
	Is64Bits="1"
	VendorString="GenuineIntel"
	VendorID="Intel Corporation"
	FamilyID="6"
	ModelID="191"
	ProcessorCacheSize="24576"
	NumberOfLogicalCPU="20"
	NumberOfPhysicalCPU="14"
	TotalVirtualMemory="2047"
	TotalPhysicalMemory="31877"
	LogicalProcessorsPerPhysical="1"
	ProcessorClockFrequency="4438.45"
	>
	<Testing>
		<StartDateTime>Jul 10 18:22 KST</StartDateTime>
		<StartTestTime>1720603345</StartTestTime>
		<TestList/>
		<EndDateTime>Jul 10 18:22 KST</EndDateTime>
		<EndTestTime>1720603345</EndTestTime>
		<ElapsedMinutes>0</ElapsedMinutes>
	</Testing>
</Site>
