<?xml version="1.0" encoding="UTF-8"?>
<Site BuildName="(empty)"
	BuildStamp="20240725-0706-Experimental"
	Name="kauvoy"
	Generator="ctest-3.16.3"
	CompilerName="/usr/bin/c++"
	CompilerVersion="9.4.0"
	OSName="Linux"
	Hostname="kauvoy"
	OSRelease="5.15.0-116-generic"
	OSVersion="#126~20.04.1-Ubuntu SMP Mon Jul 1 15:40:07 UTC 2024"
	OSPlatform="x86_64"
	Is64Bits="1"
	VendorString="GenuineIntel"
	VendorID="Intel Corporation"
	FamilyID="6"
	ModelID="191"
	ProcessorCacheSize="24576"
	NumberOfLogicalCPU="20"
	NumberOfPhysicalCPU="14"
	TotalVirtualMemory="2047"
	TotalPhysicalMemory="31877"
	LogicalProcessorsPerPhysical="1"
	ProcessorClockFrequency="4492.07"
	>
	<Testing>
		<StartDateTime>Jul 26 06:29 KST</StartDateTime>
		<StartTestTime>1721942953</StartTestTime>
		<TestList/>
		<EndDateTime>Jul 26 06:29 KST</EndDateTime>
		<EndTestTime>1721942953</EndTestTime>
		<ElapsedMinutes>0</ElapsedMinutes>
	</Testing>
</Site>
