<?xml version="1.0" encoding="UTF-8"?>
<Site BuildName="(empty)"
	BuildStamp="20240906-1341-Experimental"
	Name="kauvoy"
	Generator="ctest-3.16.3"
	CompilerName="/usr/bin/c++"
	CompilerVersion="9.4.0"
	OSName="Linux"
	Hostname="kauvoy"
	OSRelease="5.15.0-119-generic"
	OSVersion="#129~20.04.1-Ubuntu SMP Wed Aug 7 13:07:13 UTC 2024"
	OSPlatform="x86_64"
	Is64Bits="1"
	VendorString="GenuineIntel"
	VendorID="Intel Corporation"
	FamilyID="6"
	ModelID="191"
	ProcessorCacheSize="24576"
	NumberOfLogicalCPU="20"
	NumberOfPhysicalCPU="14"
	TotalVirtualMemory="2047"
	TotalPhysicalMemory="31877"
	LogicalProcessorsPerPhysical="1"
	ProcessorClockFrequency="4499.99"
	>
	<Testing>
		<StartDateTime>Sep 06 22:41 KST</StartDateTime>
		<StartTestTime>1725630062</StartTestTime>
		<TestList/>
		<EndDateTime>Sep 06 22:41 KST</EndDateTime>
		<EndTestTime>1725630062</EndTestTime>
		<ElapsedMinutes>0</ElapsedMinutes>
	</Testing>
</Site>
